<?xml version="1.0" encoding="UTF-8"?>
<testsuite xmlns:xsi="http://www.w3.org/2001/XMLSchema-instance" xsi:noNamespaceSchemaLocation="https://maven.apache.org/surefire/maven-surefire-plugin/xsd/surefire-test-report.xsd" version="3.0.2" name="customer.incident_management.IncidentsODataTests" time="5.841" tests="5" errors="0" skipped="0" failures="0">
  <properties>
    <property name="java.specification.version" value="21"/>
    <property name="sun.jnu.encoding" value="ANSI_X3.4-1968"/>
    <property name="java.class.path" value="/home/user/projects/incident-management/srv/target/test-classes:/home/user/projects/incident-management/srv/target/classes:/home/user/.m2/repository/com/sap/cds/cds-starter-spring-boot/3.6.0/cds-starter-spring-boot-3.6.0.jar:/home/user/.m2/repository/com/sap/cds/cds-services-api/3.6.0/cds-services-api-3.6.0.jar:/home/user/.m2/repository/com/sap/cds/cds4j-api/3.6.1/cds4j-api-3.6.1.jar:/home/user/.m2/repository/com/sap/cloud/environment/servicebinding/api/java-core-api/0.20.0/java-core-api-0.20.0.jar:/home/user/.m2/repository/com/sap/cds/cds-services-impl/3.6.0/cds-services-impl-3.6.0.jar:/home/user/.m2/repository/com/sap/cds/cds-services-messaging/3.6.0/cds-services-messaging-3.6.0.jar:/home/user/.m2/repository/jakarta/jms/jakarta.jms-api/3.1.0/jakarta.jms-api-3.1.0.jar:/home/user/.m2/repository/com/sap/cloud/environment/servicebinding/api/java-access-api/0.20.0/java-access-api-0.20.0.jar:/home/user/.m2/repository/org/apache/commons/commons-csv/1.10.0/commons-csv-1.10.0.jar:/home/user/.m2/repository/com/sap/cds/cds-feature-jdbc/3.6.0/cds-feature-jdbc-3.6.0.jar:/home/user/.m2/repository/com/sap/cds/cds4j-runtime/3.6.1/cds4j-runtime-3.6.1.jar:/home/user/.m2/repository/com/sap/cds/cds4j-jdbc-spi/3.6.1/cds4j-jdbc-spi-3.6.1.jar:/home/user/.m2/repository/com/sap/cds/cds4j-tx/3.6.1/cds4j-tx-3.6.1.jar:/home/user/.m2/repository/com/sap/cds/cds-framework-spring-boot/3.6.0/cds-framework-spring-boot-3.6.0.jar:/home/user/.m2/repository/org/springframework/boot/spring-boot-starter-web/3.4.0/spring-boot-starter-web-3.4.0.jar:/home/user/.m2/repository/org/springframework/boot/spring-boot-starter-json/3.4.0/spring-boot-starter-json-3.4.0.jar:/home/user/.m2/repository/com/fasterxml/jackson/datatype/jackson-datatype-jdk8/2.18.1/jackson-datatype-jdk8-2.18.1.jar:/home/user/.m2/repository/com/fasterxml/jackson/module/jackson-module-parameter-names/2.18.1/jackson-module-parameter-names-2.18.1.jar:/home/user/.m2/repository/org/springframework/boot/spring-boot-starter-tomcat/3.4.0/spring-boot-starter-tomcat-3.4.0.jar:/home/user/.m2/repository/org/apache/tomcat/embed/tomcat-embed-core/10.1.33/tomcat-embed-core-10.1.33.jar:/home/user/.m2/repository/org/apache/tomcat/embed/tomcat-embed-el/10.1.33/tomcat-embed-el-10.1.33.jar:/home/user/.m2/repository/org/apache/tomcat/embed/tomcat-embed-websocket/10.1.33/tomcat-embed-websocket-10.1.33.jar:/home/user/.m2/repository/org/springframework/spring-web/6.2.0/spring-web-6.2.0.jar:/home/user/.m2/repository/org/springframework/spring-webmvc/6.2.0/spring-webmvc-6.2.0.jar:/home/user/.m2/repository/org/springframework/boot/spring-boot-starter-jdbc/3.4.0/spring-boot-starter-jdbc-3.4.0.jar:/home/user/.m2/repository/com/zaxxer/HikariCP/5.1.0/HikariCP-5.1.0.jar:/home/user/.m2/repository/org/springframework/spring-jdbc/6.2.0/spring-jdbc-6.2.0.jar:/home/user/.m2/repository/org/springframework/spring-tx/6.2.0/spring-tx-6.2.0.jar:/home/user/.m2/repository/org/yaml/snakeyaml/2.3/snakeyaml-2.3.jar:/home/user/.m2/repository/com/sap/cds/cds-starter-cloudfoundry/3.6.0/cds-starter-cloudfoundry-3.6.0.jar:/home/user/.m2/repository/com/sap/cds/cds-feature-hana/3.6.0/cds-feature-hana-3.6.0.jar:/home/user/.m2/repository/com/sap/cloud/db/jdbc/ngdbc/2.23.7/ngdbc-2.23.7.jar:/home/user/.m2/repository/com/sap/cds/cds-feature-mt/3.6.0/cds-feature-mt-3.6.0.jar:/home/user/.m2/repository/com/sap/cds/cds-integration-cloud-sdk/3.6.0/cds-integration-cloud-sdk-3.6.0.jar:/home/user/.m2/repository/com/sap/cloud/sdk/cloudplatform/tenant/5.14.0/tenant-5.14.0.jar:/home/user/.m2/repository/com/sap/cloud/sdk/cloudplatform/security/5.14.0/security-5.14.0.jar:/home/user/.m2/repository/com/sap/cloud/sdk/cloudplatform/connectivity-apache-httpclient4/5.14.0/connectivity-apache-httpclient4-5.14.0.jar:/home/user/.m2/repository/com/sap/cloud/sdk/cloudplatform/resilience/5.14.0/resilience-5.14.0.jar:/home/user/.m2/repository/com/sap/cloud/sdk/cloudplatform/resilience-api/5.14.0/resilience-api-5.14.0.jar:/home/user/.m2/repository/com/sap/cloud/sdk/cloudplatform/resilience4j/5.14.0/resilience4j-5.14.0.jar:/home/user/.m2/repository/io/github/resilience4j/resilience4j-circuitbreaker/2.2.0/resilience4j-circuitbreaker-2.2.0.jar:/home/user/.m2/repository/io/github/resilience4j/resilience4j-core/2.2.0/resilience4j-core-2.2.0.jar:/home/user/.m2/repository/io/github/resilience4j/resilience4j-bulkhead/2.2.0/resilience4j-bulkhead-2.2.0.jar:/home/user/.m2/repository/io/github/resilience4j/resilience4j-timelimiter/2.2.0/resilience4j-timelimiter-2.2.0.jar:/home/user/.m2/repository/io/github/resilience4j/resilience4j-retry/2.2.0/resilience4j-retry-2.2.0.jar:/home/user/.m2/repository/io/github/resilience4j/resilience4j-ratelimiter/2.2.0/resilience4j-ratelimiter-2.2.0.jar:/home/user/.m2/repository/javax/cache/cache-api/1.1.1/cache-api-1.1.1.jar:/home/user/.m2/repository/com/fasterxml/jackson/core/jackson-databind/2.18.1/jackson-databind-2.18.1.jar:/home/user/.m2/repository/com/fasterxml/jackson/core/jackson-annotations/2.18.1/jackson-annotations-2.18.1.jar:/home/user/.m2/repository/com/fasterxml/jackson/core/jackson-core/2.18.1/jackson-core-2.18.1.jar:/home/user/.m2/repository/com/google/code/gson/gson/2.11.0/gson-2.11.0.jar:/home/user/.m2/repository/com/sap/cds/cds-feature-cloudfoundry/3.6.0/cds-feature-cloudfoundry-3.6.0.jar:/home/user/.m2/repository/com/sap/cloud/environment/servicebinding/java-sap-vcap-services/0.20.0/java-sap-vcap-services-0.20.0.jar:/home/user/.m2/repository/org/json/json/20240303/json-20240303.jar:/home/user/.m2/repository/com/sap/cds/cds-feature-identity/3.6.0/cds-feature-identity-3.6.0.jar:/home/user/.m2/repository/com/sap/cloud/security/java-api/3.5.6/java-api-3.5.6.jar:/home/user/.m2/repository/com/sap/cloud/security/java-security/3.5.6/java-security-3.5.6.jar:/home/user/.m2/repository/com/sap/cloud/security/resourceserver-security-spring-boot-starter/3.5.6/resourceserver-security-spring-boot-starter-3.5.6.jar:/home/user/.m2/repository/com/sap/cloud/security/spring-security/3.5.6/spring-security-3.5.6.jar:/home/user/.m2/repository/com/nimbusds/nimbus-jose-jwt/9.47/nimbus-jose-jwt-9.47.jar:/home/user/.m2/repository/io/projectreactor/reactor-core/3.7.0/reactor-core-3.7.0.jar:/home/user/.m2/repository/org/reactivestreams/reactive-streams/1.0.4/reactive-streams-1.0.4.jar:/home/user/.m2/repository/org/springframework/security/spring-security-oauth2-jose/6.4.1/spring-security-oauth2-jose-6.4.1.jar:/home/user/.m2/repository/org/springframework/security/spring-security-oauth2-core/6.4.1/spring-security-oauth2-core-6.4.1.jar:/home/user/.m2/repository/org/springframework/security/spring-security-oauth2-resource-server/6.4.1/spring-security-oauth2-resource-server-6.4.1.jar:/home/user/.m2/repository/org/springframework/boot/spring-boot-starter-security/3.4.0/spring-boot-starter-security-3.4.0.jar:/home/user/.m2/repository/org/springframework/spring-aop/6.2.0/spring-aop-6.2.0.jar:/home/user/.m2/repository/org/springframework/security/spring-security-config/6.4.1/spring-security-config-6.4.1.jar:/home/user/.m2/repository/org/springframework/boot/spring-boot-starter-test/3.4.0/spring-boot-starter-test-3.4.0.jar:/home/user/.m2/repository/org/springframework/boot/spring-boot-starter/3.4.0/spring-boot-starter-3.4.0.jar:/home/user/.m2/repository/org/springframework/boot/spring-boot-starter-logging/3.4.0/spring-boot-starter-logging-3.4.0.jar:/home/user/.m2/repository/ch/qos/logback/logback-classic/1.5.12/logback-classic-1.5.12.jar:/home/user/.m2/repository/ch/qos/logback/logback-core/1.5.12/logback-core-1.5.12.jar:/home/user/.m2/repository/org/apache/logging/log4j/log4j-to-slf4j/2.24.1/log4j-to-slf4j-2.24.1.jar:/home/user/.m2/repository/org/apache/logging/log4j/log4j-api/2.24.1/log4j-api-2.24.1.jar:/home/user/.m2/repository/org/slf4j/jul-to-slf4j/2.0.16/jul-to-slf4j-2.0.16.jar:/home/user/.m2/repository/jakarta/annotation/jakarta.annotation-api/2.1.1/jakarta.annotation-api-2.1.1.jar:/home/user/.m2/repository/org/springframework/boot/spring-boot-test/3.4.0/spring-boot-test-3.4.0.jar:/home/user/.m2/repository/org/springframework/boot/spring-boot-test-autoconfigure/3.4.0/spring-boot-test-autoconfigure-3.4.0.jar:/home/user/.m2/repository/com/jayway/jsonpath/json-path/2.9.0/json-path-2.9.0.jar:/home/user/.m2/repository/jakarta/xml/bind/jakarta.xml.bind-api/4.0.2/jakarta.xml.bind-api-4.0.2.jar:/home/user/.m2/repository/jakarta/activation/jakarta.activation-api/2.1.3/jakarta.activation-api-2.1.3.jar:/home/user/.m2/repository/net/minidev/json-smart/2.5.1/json-smart-2.5.1.jar:/home/user/.m2/repository/net/minidev/accessors-smart/2.5.1/accessors-smart-2.5.1.jar:/home/user/.m2/repository/org/ow2/asm/asm/9.6/asm-9.6.jar:/home/user/.m2/repository/org/assertj/assertj-core/3.26.3/assertj-core-3.26.3.jar:/home/user/.m2/repository/net/bytebuddy/byte-buddy/1.15.10/byte-buddy-1.15.10.jar:/home/user/.m2/repository/org/awaitility/awaitility/4.2.2/awaitility-4.2.2.jar:/home/user/.m2/repository/org/hamcrest/hamcrest/2.2/hamcrest-2.2.jar:/home/user/.m2/repository/org/junit/jupiter/junit-jupiter/5.11.3/junit-jupiter-5.11.3.jar:/home/user/.m2/repository/org/junit/jupiter/junit-jupiter-api/5.11.3/junit-jupiter-api-5.11.3.jar:/home/user/.m2/repository/org/opentest4j/opentest4j/1.3.0/opentest4j-1.3.0.jar:/home/user/.m2/repository/org/junit/platform/junit-platform-commons/1.11.3/junit-platform-commons-1.11.3.jar:/home/user/.m2/repository/org/apiguardian/apiguardian-api/1.1.2/apiguardian-api-1.1.2.jar:/home/user/.m2/repository/org/junit/jupiter/junit-jupiter-params/5.11.3/junit-jupiter-params-5.11.3.jar:/home/user/.m2/repository/org/junit/jupiter/junit-jupiter-engine/5.11.3/junit-jupiter-engine-5.11.3.jar:/home/user/.m2/repository/org/junit/platform/junit-platform-engine/1.11.3/junit-platform-engine-1.11.3.jar:/home/user/.m2/repository/org/mockito/mockito-core/5.14.2/mockito-core-5.14.2.jar:/home/user/.m2/repository/net/bytebuddy/byte-buddy-agent/1.15.10/byte-buddy-agent-1.15.10.jar:/home/user/.m2/repository/org/objenesis/objenesis/3.3/objenesis-3.3.jar:/home/user/.m2/repository/org/mockito/mockito-junit-jupiter/5.14.2/mockito-junit-jupiter-5.14.2.jar:/home/user/.m2/repository/org/skyscreamer/jsonassert/1.5.3/jsonassert-1.5.3.jar:/home/user/.m2/repository/com/vaadin/external/google/android-json/0.0.20131108.vaadin1/android-json-0.0.20131108.vaadin1.jar:/home/user/.m2/repository/org/springframework/spring-core/6.2.0/spring-core-6.2.0.jar:/home/user/.m2/repository/org/springframework/spring-jcl/6.2.0/spring-jcl-6.2.0.jar:/home/user/.m2/repository/org/springframework/spring-test/6.2.0/spring-test-6.2.0.jar:/home/user/.m2/repository/org/xmlunit/xmlunit-core/2.10.0/xmlunit-core-2.10.0.jar:/home/user/.m2/repository/org/springframework/security/spring-security-test/6.4.1/spring-security-test-6.4.1.jar:/home/user/.m2/repository/org/springframework/security/spring-security-core/6.4.1/spring-security-core-6.4.1.jar:/home/user/.m2/repository/org/springframework/security/spring-security-crypto/6.4.1/spring-security-crypto-6.4.1.jar:/home/user/.m2/repository/org/springframework/spring-beans/6.2.0/spring-beans-6.2.0.jar:/home/user/.m2/repository/org/springframework/spring-context/6.2.0/spring-context-6.2.0.jar:/home/user/.m2/repository/org/springframework/spring-expression/6.2.0/spring-expression-6.2.0.jar:/home/user/.m2/repository/org/springframework/security/spring-security-web/6.4.1/spring-security-web-6.4.1.jar:/home/user/.m2/repository/org/springframework/boot/spring-boot-devtools/3.4.0/spring-boot-devtools-3.4.0.jar:/home/user/.m2/repository/org/springframework/boot/spring-boot/3.4.0/spring-boot-3.4.0.jar:/home/user/.m2/repository/org/springframework/boot/spring-boot-autoconfigure/3.4.0/spring-boot-autoconfigure-3.4.0.jar:/home/user/.m2/repository/com/sap/cds/cds-adapter-odata-v4/3.6.0/cds-adapter-odata-v4-3.6.0.jar:/home/user/.m2/repository/com/sap/cds/cds-adapter-api/3.6.0/cds-adapter-api-3.6.0.jar:/home/user/.m2/repository/com/sap/cds/cds-services-utils/3.6.0/cds-services-utils-3.6.0.jar:/home/user/.m2/repository/com/sap/cloud/sdk/cloudplatform/connectivity-oauth/5.14.0/connectivity-oauth-5.14.0.jar:/home/user/.m2/repository/com/sap/cloud/sdk/cloudplatform/cloudplatform-core/5.14.0/cloudplatform-core-5.14.0.jar:/home/user/.m2/repository/com/sap/cloud/sdk/cloudplatform/cloudplatform-connectivity/5.14.0/cloudplatform-connectivity-5.14.0.jar:/home/user/.m2/repository/com/mikesamuel/json-sanitizer/1.2.3/json-sanitizer-1.2.3.jar:/home/user/.m2/repository/org/bouncycastle/bcprov-jdk18on/1.78.1/bcprov-jdk18on-1.78.1.jar:/home/user/.m2/repository/org/bouncycastle/bcpkix-jdk18on/1.78.1/bcpkix-jdk18on-1.78.1.jar:/home/user/.m2/repository/org/bouncycastle/bcutil-jdk18on/1.78.1/bcutil-jdk18on-1.78.1.jar:/home/user/.m2/repository/com/sap/cloud/sdk/cloudplatform/caching/5.14.0/caching-5.14.0.jar:/home/user/.m2/repository/com/sap/cloud/environment/servicebinding/api/java-consumption-api/0.10.5/java-consumption-api-0.10.5.jar:/home/user/.m2/repository/org/apache/httpcomponents/httpcore/4.4.16/httpcore-4.4.16.jar:/home/user/.m2/repository/org/slf4j/jcl-over-slf4j/2.0.16/jcl-over-slf4j-2.0.16.jar:/home/user/.m2/repository/com/auth0/java-jwt/4.4.0/java-jwt-4.4.0.jar:/home/user/.m2/repository/io/vavr/vavr/0.10.5/vavr-0.10.5.jar:/home/user/.m2/repository/io/vavr/vavr-match/0.10.5/vavr-match-0.10.5.jar:/home/user/.m2/repository/commons-io/commons-io/2.18.0/commons-io-2.18.0.jar:/home/user/.m2/repository/io/opentelemetry/opentelemetry-api/1.43.0/opentelemetry-api-1.43.0.jar:/home/user/.m2/repository/io/opentelemetry/opentelemetry-context/1.43.0/opentelemetry-context-1.43.0.jar:/home/user/.m2/repository/org/apache/commons/commons-lang3/3.17.0/commons-lang3-3.17.0.jar:/home/user/.m2/repository/com/sap/cloud/security/xsuaa/token-client/3.5.6/token-client-3.5.6.jar:/home/user/.m2/repository/com/sap/cloud/security/env/3.5.6/env-3.5.6.jar:/home/user/.m2/repository/com/sap/cloud/environment/servicebinding/java-sap-service-operator/0.20.0/java-sap-service-operator-0.20.0.jar:/home/user/.m2/repository/com/sap/cds/cds4j-core/3.6.1/cds4j-core-3.6.1.jar:/home/user/.m2/repository/com/github/ben-manes/caffeine/caffeine/3.1.8/caffeine-3.1.8.jar:/home/user/.m2/repository/com/sap/cds/repackaged/odata-v4-lib/3.6.0/odata-v4-lib-3.6.0.jar:/home/user/.m2/repository/commons-codec/commons-codec/1.17.1/commons-codec-1.17.1.jar:/home/user/.m2/repository/org/apache/httpcomponents/httpclient/4.5.14/httpclient-4.5.14.jar:/home/user/.m2/repository/com/fasterxml/jackson/dataformat/jackson-dataformat-xml/2.18.1/jackson-dataformat-xml-2.18.1.jar:/home/user/.m2/repository/org/codehaus/woodstox/stax2-api/4.2.2/stax2-api-4.2.2.jar:/home/user/.m2/repository/com/fasterxml/aalto-xml/1.3.3/aalto-xml-1.3.3.jar:/home/user/.m2/repository/org/slf4j/slf4j-api/2.0.16/slf4j-api-2.0.16.jar:/home/user/.m2/repository/com/google/guava/guava/33.3.1-jre/guava-33.3.1-jre.jar:/home/user/.m2/repository/com/google/guava/failureaccess/1.0.2/failureaccess-1.0.2.jar:/home/user/.m2/repository/com/google/guava/listenablefuture/9999.0-empty-to-avoid-conflict-with-guava/listenablefuture-9999.0-empty-to-avoid-conflict-with-guava.jar:/home/user/.m2/repository/com/google/code/findbugs/jsr305/3.0.2/jsr305-3.0.2.jar:/home/user/.m2/repository/org/checkerframework/checker-qual/3.43.0/checker-qual-3.43.0.jar:/home/user/.m2/repository/com/google/errorprone/error_prone_annotations/2.28.0/error_prone_annotations-2.28.0.jar:/home/user/.m2/repository/com/google/j2objc/j2objc-annotations/3.0.0/j2objc-annotations-3.0.0.jar:/home/user/.m2/repository/com/h2database/h2/2.3.232/h2-2.3.232.jar:/home/user/.m2/repository/org/springframework/boot/spring-boot-starter-actuator/3.4.0/spring-boot-starter-actuator-3.4.0.jar:/home/user/.m2/repository/org/springframework/boot/spring-boot-actuator-autoconfigure/3.4.0/spring-boot-actuator-autoconfigure-3.4.0.jar:/home/user/.m2/repository/org/springframework/boot/spring-boot-actuator/3.4.0/spring-boot-actuator-3.4.0.jar:/home/user/.m2/repository/com/fasterxml/jackson/datatype/jackson-datatype-jsr310/2.18.1/jackson-datatype-jsr310-2.18.1.jar:/home/user/.m2/repository/io/micrometer/micrometer-observation/1.14.1/micrometer-observation-1.14.1.jar:/home/user/.m2/repository/io/micrometer/micrometer-commons/1.14.1/micrometer-commons-1.14.1.jar:/home/user/.m2/repository/io/micrometer/micrometer-jakarta9/1.14.1/micrometer-jakarta9-1.14.1.jar:/home/user/.m2/repository/io/micrometer/micrometer-core/1.14.1/micrometer-core-1.14.1.jar:/home/user/.m2/repository/org/hdrhistogram/HdrHistogram/2.2.2/HdrHistogram-2.2.2.jar:/home/user/.m2/repository/org/latencyutils/LatencyUtils/2.0.3/LatencyUtils-2.0.3.jar:"/>
    <property name="java.vm.vendor" value="SAP SE"/>
    <property name="sun.arch.data.model" value="64"/>
    <property name="java.vendor.url" value="https://sapmachine.io/"/>
    <property name="user.timezone" value="Etc/UTC"/>
    <property name="os.name" value="Linux"/>
    <property name="java.vm.specification.version" value="21"/>
    <property name="sun.java.launcher" value="SUN_STANDARD"/>
    <property name="user.country" value="US"/>
    <property name="sun.boot.library.path" value="/local/asdf-inst-inbox-runtime/installs/java/sapmachine-21.0.2/lib"/>
    <property name="sun.java.command" value="/home/user/projects/incident-management/srv/target/surefire/surefirebooter-20250124103153507_3.jar /home/user/projects/incident-management/srv/target/surefire 2025-01-24T10-31-53_401-jvmRun1 surefire-20250124103153507_1tmp surefire_0-20250124103153507_2tmp"/>
    <property name="jdk.debug" value="release"/>
    <property name="surefire.test.class.path" value="/home/user/projects/incident-management/srv/target/test-classes:/home/user/projects/incident-management/srv/target/classes:/home/user/.m2/repository/com/sap/cds/cds-starter-spring-boot/3.6.0/cds-starter-spring-boot-3.6.0.jar:/home/user/.m2/repository/com/sap/cds/cds-services-api/3.6.0/cds-services-api-3.6.0.jar:/home/user/.m2/repository/com/sap/cds/cds4j-api/3.6.1/cds4j-api-3.6.1.jar:/home/user/.m2/repository/com/sap/cloud/environment/servicebinding/api/java-core-api/0.20.0/java-core-api-0.20.0.jar:/home/user/.m2/repository/com/sap/cds/cds-services-impl/3.6.0/cds-services-impl-3.6.0.jar:/home/user/.m2/repository/com/sap/cds/cds-services-messaging/3.6.0/cds-services-messaging-3.6.0.jar:/home/user/.m2/repository/jakarta/jms/jakarta.jms-api/3.1.0/jakarta.jms-api-3.1.0.jar:/home/user/.m2/repository/com/sap/cloud/environment/servicebinding/api/java-access-api/0.20.0/java-access-api-0.20.0.jar:/home/user/.m2/repository/org/apache/commons/commons-csv/1.10.0/commons-csv-1.10.0.jar:/home/user/.m2/repository/com/sap/cds/cds-feature-jdbc/3.6.0/cds-feature-jdbc-3.6.0.jar:/home/user/.m2/repository/com/sap/cds/cds4j-runtime/3.6.1/cds4j-runtime-3.6.1.jar:/home/user/.m2/repository/com/sap/cds/cds4j-jdbc-spi/3.6.1/cds4j-jdbc-spi-3.6.1.jar:/home/user/.m2/repository/com/sap/cds/cds4j-tx/3.6.1/cds4j-tx-3.6.1.jar:/home/user/.m2/repository/com/sap/cds/cds-framework-spring-boot/3.6.0/cds-framework-spring-boot-3.6.0.jar:/home/user/.m2/repository/org/springframework/boot/spring-boot-starter-web/3.4.0/spring-boot-starter-web-3.4.0.jar:/home/user/.m2/repository/org/springframework/boot/spring-boot-starter-json/3.4.0/spring-boot-starter-json-3.4.0.jar:/home/user/.m2/repository/com/fasterxml/jackson/datatype/jackson-datatype-jdk8/2.18.1/jackson-datatype-jdk8-2.18.1.jar:/home/user/.m2/repository/com/fasterxml/jackson/module/jackson-module-parameter-names/2.18.1/jackson-module-parameter-names-2.18.1.jar:/home/user/.m2/repository/org/springframework/boot/spring-boot-starter-tomcat/3.4.0/spring-boot-starter-tomcat-3.4.0.jar:/home/user/.m2/repository/org/apache/tomcat/embed/tomcat-embed-core/10.1.33/tomcat-embed-core-10.1.33.jar:/home/user/.m2/repository/org/apache/tomcat/embed/tomcat-embed-el/10.1.33/tomcat-embed-el-10.1.33.jar:/home/user/.m2/repository/org/apache/tomcat/embed/tomcat-embed-websocket/10.1.33/tomcat-embed-websocket-10.1.33.jar:/home/user/.m2/repository/org/springframework/spring-web/6.2.0/spring-web-6.2.0.jar:/home/user/.m2/repository/org/springframework/spring-webmvc/6.2.0/spring-webmvc-6.2.0.jar:/home/user/.m2/repository/org/springframework/boot/spring-boot-starter-jdbc/3.4.0/spring-boot-starter-jdbc-3.4.0.jar:/home/user/.m2/repository/com/zaxxer/HikariCP/5.1.0/HikariCP-5.1.0.jar:/home/user/.m2/repository/org/springframework/spring-jdbc/6.2.0/spring-jdbc-6.2.0.jar:/home/user/.m2/repository/org/springframework/spring-tx/6.2.0/spring-tx-6.2.0.jar:/home/user/.m2/repository/org/yaml/snakeyaml/2.3/snakeyaml-2.3.jar:/home/user/.m2/repository/com/sap/cds/cds-starter-cloudfoundry/3.6.0/cds-starter-cloudfoundry-3.6.0.jar:/home/user/.m2/repository/com/sap/cds/cds-feature-hana/3.6.0/cds-feature-hana-3.6.0.jar:/home/user/.m2/repository/com/sap/cloud/db/jdbc/ngdbc/2.23.7/ngdbc-2.23.7.jar:/home/user/.m2/repository/com/sap/cds/cds-feature-mt/3.6.0/cds-feature-mt-3.6.0.jar:/home/user/.m2/repository/com/sap/cds/cds-integration-cloud-sdk/3.6.0/cds-integration-cloud-sdk-3.6.0.jar:/home/user/.m2/repository/com/sap/cloud/sdk/cloudplatform/tenant/5.14.0/tenant-5.14.0.jar:/home/user/.m2/repository/com/sap/cloud/sdk/cloudplatform/security/5.14.0/security-5.14.0.jar:/home/user/.m2/repository/com/sap/cloud/sdk/cloudplatform/connectivity-apache-httpclient4/5.14.0/connectivity-apache-httpclient4-5.14.0.jar:/home/user/.m2/repository/com/sap/cloud/sdk/cloudplatform/resilience/5.14.0/resilience-5.14.0.jar:/home/user/.m2/repository/com/sap/cloud/sdk/cloudplatform/resilience-api/5.14.0/resilience-api-5.14.0.jar:/home/user/.m2/repository/com/sap/cloud/sdk/cloudplatform/resilience4j/5.14.0/resilience4j-5.14.0.jar:/home/user/.m2/repository/io/github/resilience4j/resilience4j-circuitbreaker/2.2.0/resilience4j-circuitbreaker-2.2.0.jar:/home/user/.m2/repository/io/github/resilience4j/resilience4j-core/2.2.0/resilience4j-core-2.2.0.jar:/home/user/.m2/repository/io/github/resilience4j/resilience4j-bulkhead/2.2.0/resilience4j-bulkhead-2.2.0.jar:/home/user/.m2/repository/io/github/resilience4j/resilience4j-timelimiter/2.2.0/resilience4j-timelimiter-2.2.0.jar:/home/user/.m2/repository/io/github/resilience4j/resilience4j-retry/2.2.0/resilience4j-retry-2.2.0.jar:/home/user/.m2/repository/io/github/resilience4j/resilience4j-ratelimiter/2.2.0/resilience4j-ratelimiter-2.2.0.jar:/home/user/.m2/repository/javax/cache/cache-api/1.1.1/cache-api-1.1.1.jar:/home/user/.m2/repository/com/fasterxml/jackson/core/jackson-databind/2.18.1/jackson-databind-2.18.1.jar:/home/user/.m2/repository/com/fasterxml/jackson/core/jackson-annotations/2.18.1/jackson-annotations-2.18.1.jar:/home/user/.m2/repository/com/fasterxml/jackson/core/jackson-core/2.18.1/jackson-core-2.18.1.jar:/home/user/.m2/repository/com/google/code/gson/gson/2.11.0/gson-2.11.0.jar:/home/user/.m2/repository/com/sap/cds/cds-feature-cloudfoundry/3.6.0/cds-feature-cloudfoundry-3.6.0.jar:/home/user/.m2/repository/com/sap/cloud/environment/servicebinding/java-sap-vcap-services/0.20.0/java-sap-vcap-services-0.20.0.jar:/home/user/.m2/repository/org/json/json/20240303/json-20240303.jar:/home/user/.m2/repository/com/sap/cds/cds-feature-identity/3.6.0/cds-feature-identity-3.6.0.jar:/home/user/.m2/repository/com/sap/cloud/security/java-api/3.5.6/java-api-3.5.6.jar:/home/user/.m2/repository/com/sap/cloud/security/java-security/3.5.6/java-security-3.5.6.jar:/home/user/.m2/repository/com/sap/cloud/security/resourceserver-security-spring-boot-starter/3.5.6/resourceserver-security-spring-boot-starter-3.5.6.jar:/home/user/.m2/repository/com/sap/cloud/security/spring-security/3.5.6/spring-security-3.5.6.jar:/home/user/.m2/repository/com/nimbusds/nimbus-jose-jwt/9.47/nimbus-jose-jwt-9.47.jar:/home/user/.m2/repository/io/projectreactor/reactor-core/3.7.0/reactor-core-3.7.0.jar:/home/user/.m2/repository/org/reactivestreams/reactive-streams/1.0.4/reactive-streams-1.0.4.jar:/home/user/.m2/repository/org/springframework/security/spring-security-oauth2-jose/6.4.1/spring-security-oauth2-jose-6.4.1.jar:/home/user/.m2/repository/org/springframework/security/spring-security-oauth2-core/6.4.1/spring-security-oauth2-core-6.4.1.jar:/home/user/.m2/repository/org/springframework/security/spring-security-oauth2-resource-server/6.4.1/spring-security-oauth2-resource-server-6.4.1.jar:/home/user/.m2/repository/org/springframework/boot/spring-boot-starter-security/3.4.0/spring-boot-starter-security-3.4.0.jar:/home/user/.m2/repository/org/springframework/spring-aop/6.2.0/spring-aop-6.2.0.jar:/home/user/.m2/repository/org/springframework/security/spring-security-config/6.4.1/spring-security-config-6.4.1.jar:/home/user/.m2/repository/org/springframework/boot/spring-boot-starter-test/3.4.0/spring-boot-starter-test-3.4.0.jar:/home/user/.m2/repository/org/springframework/boot/spring-boot-starter/3.4.0/spring-boot-starter-3.4.0.jar:/home/user/.m2/repository/org/springframework/boot/spring-boot-starter-logging/3.4.0/spring-boot-starter-logging-3.4.0.jar:/home/user/.m2/repository/ch/qos/logback/logback-classic/1.5.12/logback-classic-1.5.12.jar:/home/user/.m2/repository/ch/qos/logback/logback-core/1.5.12/logback-core-1.5.12.jar:/home/user/.m2/repository/org/apache/logging/log4j/log4j-to-slf4j/2.24.1/log4j-to-slf4j-2.24.1.jar:/home/user/.m2/repository/org/apache/logging/log4j/log4j-api/2.24.1/log4j-api-2.24.1.jar:/home/user/.m2/repository/org/slf4j/jul-to-slf4j/2.0.16/jul-to-slf4j-2.0.16.jar:/home/user/.m2/repository/jakarta/annotation/jakarta.annotation-api/2.1.1/jakarta.annotation-api-2.1.1.jar:/home/user/.m2/repository/org/springframework/boot/spring-boot-test/3.4.0/spring-boot-test-3.4.0.jar:/home/user/.m2/repository/org/springframework/boot/spring-boot-test-autoconfigure/3.4.0/spring-boot-test-autoconfigure-3.4.0.jar:/home/user/.m2/repository/com/jayway/jsonpath/json-path/2.9.0/json-path-2.9.0.jar:/home/user/.m2/repository/jakarta/xml/bind/jakarta.xml.bind-api/4.0.2/jakarta.xml.bind-api-4.0.2.jar:/home/user/.m2/repository/jakarta/activation/jakarta.activation-api/2.1.3/jakarta.activation-api-2.1.3.jar:/home/user/.m2/repository/net/minidev/json-smart/2.5.1/json-smart-2.5.1.jar:/home/user/.m2/repository/net/minidev/accessors-smart/2.5.1/accessors-smart-2.5.1.jar:/home/user/.m2/repository/org/ow2/asm/asm/9.6/asm-9.6.jar:/home/user/.m2/repository/org/assertj/assertj-core/3.26.3/assertj-core-3.26.3.jar:/home/user/.m2/repository/net/bytebuddy/byte-buddy/1.15.10/byte-buddy-1.15.10.jar:/home/user/.m2/repository/org/awaitility/awaitility/4.2.2/awaitility-4.2.2.jar:/home/user/.m2/repository/org/hamcrest/hamcrest/2.2/hamcrest-2.2.jar:/home/user/.m2/repository/org/junit/jupiter/junit-jupiter/5.11.3/junit-jupiter-5.11.3.jar:/home/user/.m2/repository/org/junit/jupiter/junit-jupiter-api/5.11.3/junit-jupiter-api-5.11.3.jar:/home/user/.m2/repository/org/opentest4j/opentest4j/1.3.0/opentest4j-1.3.0.jar:/home/user/.m2/repository/org/junit/platform/junit-platform-commons/1.11.3/junit-platform-commons-1.11.3.jar:/home/user/.m2/repository/org/apiguardian/apiguardian-api/1.1.2/apiguardian-api-1.1.2.jar:/home/user/.m2/repository/org/junit/jupiter/junit-jupiter-params/5.11.3/junit-jupiter-params-5.11.3.jar:/home/user/.m2/repository/org/junit/jupiter/junit-jupiter-engine/5.11.3/junit-jupiter-engine-5.11.3.jar:/home/user/.m2/repository/org/junit/platform/junit-platform-engine/1.11.3/junit-platform-engine-1.11.3.jar:/home/user/.m2/repository/org/mockito/mockito-core/5.14.2/mockito-core-5.14.2.jar:/home/user/.m2/repository/net/bytebuddy/byte-buddy-agent/1.15.10/byte-buddy-agent-1.15.10.jar:/home/user/.m2/repository/org/objenesis/objenesis/3.3/objenesis-3.3.jar:/home/user/.m2/repository/org/mockito/mockito-junit-jupiter/5.14.2/mockito-junit-jupiter-5.14.2.jar:/home/user/.m2/repository/org/skyscreamer/jsonassert/1.5.3/jsonassert-1.5.3.jar:/home/user/.m2/repository/com/vaadin/external/google/android-json/0.0.20131108.vaadin1/android-json-0.0.20131108.vaadin1.jar:/home/user/.m2/repository/org/springframework/spring-core/6.2.0/spring-core-6.2.0.jar:/home/user/.m2/repository/org/springframework/spring-jcl/6.2.0/spring-jcl-6.2.0.jar:/home/user/.m2/repository/org/springframework/spring-test/6.2.0/spring-test-6.2.0.jar:/home/user/.m2/repository/org/xmlunit/xmlunit-core/2.10.0/xmlunit-core-2.10.0.jar:/home/user/.m2/repository/org/springframework/security/spring-security-test/6.4.1/spring-security-test-6.4.1.jar:/home/user/.m2/repository/org/springframework/security/spring-security-core/6.4.1/spring-security-core-6.4.1.jar:/home/user/.m2/repository/org/springframework/security/spring-security-crypto/6.4.1/spring-security-crypto-6.4.1.jar:/home/user/.m2/repository/org/springframework/spring-beans/6.2.0/spring-beans-6.2.0.jar:/home/user/.m2/repository/org/springframework/spring-context/6.2.0/spring-context-6.2.0.jar:/home/user/.m2/repository/org/springframework/spring-expression/6.2.0/spring-expression-6.2.0.jar:/home/user/.m2/repository/org/springframework/security/spring-security-web/6.4.1/spring-security-web-6.4.1.jar:/home/user/.m2/repository/org/springframework/boot/spring-boot-devtools/3.4.0/spring-boot-devtools-3.4.0.jar:/home/user/.m2/repository/org/springframework/boot/spring-boot/3.4.0/spring-boot-3.4.0.jar:/home/user/.m2/repository/org/springframework/boot/spring-boot-autoconfigure/3.4.0/spring-boot-autoconfigure-3.4.0.jar:/home/user/.m2/repository/com/sap/cds/cds-adapter-odata-v4/3.6.0/cds-adapter-odata-v4-3.6.0.jar:/home/user/.m2/repository/com/sap/cds/cds-adapter-api/3.6.0/cds-adapter-api-3.6.0.jar:/home/user/.m2/repository/com/sap/cds/cds-services-utils/3.6.0/cds-services-utils-3.6.0.jar:/home/user/.m2/repository/com/sap/cloud/sdk/cloudplatform/connectivity-oauth/5.14.0/connectivity-oauth-5.14.0.jar:/home/user/.m2/repository/com/sap/cloud/sdk/cloudplatform/cloudplatform-core/5.14.0/cloudplatform-core-5.14.0.jar:/home/user/.m2/repository/com/sap/cloud/sdk/cloudplatform/cloudplatform-connectivity/5.14.0/cloudplatform-connectivity-5.14.0.jar:/home/user/.m2/repository/com/mikesamuel/json-sanitizer/1.2.3/json-sanitizer-1.2.3.jar:/home/user/.m2/repository/org/bouncycastle/bcprov-jdk18on/1.78.1/bcprov-jdk18on-1.78.1.jar:/home/user/.m2/repository/org/bouncycastle/bcpkix-jdk18on/1.78.1/bcpkix-jdk18on-1.78.1.jar:/home/user/.m2/repository/org/bouncycastle/bcutil-jdk18on/1.78.1/bcutil-jdk18on-1.78.1.jar:/home/user/.m2/repository/com/sap/cloud/sdk/cloudplatform/caching/5.14.0/caching-5.14.0.jar:/home/user/.m2/repository/com/sap/cloud/environment/servicebinding/api/java-consumption-api/0.10.5/java-consumption-api-0.10.5.jar:/home/user/.m2/repository/org/apache/httpcomponents/httpcore/4.4.16/httpcore-4.4.16.jar:/home/user/.m2/repository/org/slf4j/jcl-over-slf4j/2.0.16/jcl-over-slf4j-2.0.16.jar:/home/user/.m2/repository/com/auth0/java-jwt/4.4.0/java-jwt-4.4.0.jar:/home/user/.m2/repository/io/vavr/vavr/0.10.5/vavr-0.10.5.jar:/home/user/.m2/repository/io/vavr/vavr-match/0.10.5/vavr-match-0.10.5.jar:/home/user/.m2/repository/commons-io/commons-io/2.18.0/commons-io-2.18.0.jar:/home/user/.m2/repository/io/opentelemetry/opentelemetry-api/1.43.0/opentelemetry-api-1.43.0.jar:/home/user/.m2/repository/io/opentelemetry/opentelemetry-context/1.43.0/opentelemetry-context-1.43.0.jar:/home/user/.m2/repository/org/apache/commons/commons-lang3/3.17.0/commons-lang3-3.17.0.jar:/home/user/.m2/repository/com/sap/cloud/security/xsuaa/token-client/3.5.6/token-client-3.5.6.jar:/home/user/.m2/repository/com/sap/cloud/security/env/3.5.6/env-3.5.6.jar:/home/user/.m2/repository/com/sap/cloud/environment/servicebinding/java-sap-service-operator/0.20.0/java-sap-service-operator-0.20.0.jar:/home/user/.m2/repository/com/sap/cds/cds4j-core/3.6.1/cds4j-core-3.6.1.jar:/home/user/.m2/repository/com/github/ben-manes/caffeine/caffeine/3.1.8/caffeine-3.1.8.jar:/home/user/.m2/repository/com/sap/cds/repackaged/odata-v4-lib/3.6.0/odata-v4-lib-3.6.0.jar:/home/user/.m2/repository/commons-codec/commons-codec/1.17.1/commons-codec-1.17.1.jar:/home/user/.m2/repository/org/apache/httpcomponents/httpclient/4.5.14/httpclient-4.5.14.jar:/home/user/.m2/repository/com/fasterxml/jackson/dataformat/jackson-dataformat-xml/2.18.1/jackson-dataformat-xml-2.18.1.jar:/home/user/.m2/repository/org/codehaus/woodstox/stax2-api/4.2.2/stax2-api-4.2.2.jar:/home/user/.m2/repository/com/fasterxml/aalto-xml/1.3.3/aalto-xml-1.3.3.jar:/home/user/.m2/repository/org/slf4j/slf4j-api/2.0.16/slf4j-api-2.0.16.jar:/home/user/.m2/repository/com/google/guava/guava/33.3.1-jre/guava-33.3.1-jre.jar:/home/user/.m2/repository/com/google/guava/failureaccess/1.0.2/failureaccess-1.0.2.jar:/home/user/.m2/repository/com/google/guava/listenablefuture/9999.0-empty-to-avoid-conflict-with-guava/listenablefuture-9999.0-empty-to-avoid-conflict-with-guava.jar:/home/user/.m2/repository/com/google/code/findbugs/jsr305/3.0.2/jsr305-3.0.2.jar:/home/user/.m2/repository/org/checkerframework/checker-qual/3.43.0/checker-qual-3.43.0.jar:/home/user/.m2/repository/com/google/errorprone/error_prone_annotations/2.28.0/error_prone_annotations-2.28.0.jar:/home/user/.m2/repository/com/google/j2objc/j2objc-annotations/3.0.0/j2objc-annotations-3.0.0.jar:/home/user/.m2/repository/com/h2database/h2/2.3.232/h2-2.3.232.jar:/home/user/.m2/repository/org/springframework/boot/spring-boot-starter-actuator/3.4.0/spring-boot-starter-actuator-3.4.0.jar:/home/user/.m2/repository/org/springframework/boot/spring-boot-actuator-autoconfigure/3.4.0/spring-boot-actuator-autoconfigure-3.4.0.jar:/home/user/.m2/repository/org/springframework/boot/spring-boot-actuator/3.4.0/spring-boot-actuator-3.4.0.jar:/home/user/.m2/repository/com/fasterxml/jackson/datatype/jackson-datatype-jsr310/2.18.1/jackson-datatype-jsr310-2.18.1.jar:/home/user/.m2/repository/io/micrometer/micrometer-observation/1.14.1/micrometer-observation-1.14.1.jar:/home/user/.m2/repository/io/micrometer/micrometer-commons/1.14.1/micrometer-commons-1.14.1.jar:/home/user/.m2/repository/io/micrometer/micrometer-jakarta9/1.14.1/micrometer-jakarta9-1.14.1.jar:/home/user/.m2/repository/io/micrometer/micrometer-core/1.14.1/micrometer-core-1.14.1.jar:/home/user/.m2/repository/org/hdrhistogram/HdrHistogram/2.2.2/HdrHistogram-2.2.2.jar:/home/user/.m2/repository/org/latencyutils/LatencyUtils/2.0.3/LatencyUtils-2.0.3.jar:"/>
    <property name="sun.cpu.endian" value="little"/>
    <property name="user.home" value="/home/user"/>
    <property name="user.language" value="en"/>
    <property name="java.specification.vendor" value="Oracle Corporation"/>
    <property name="java.version.date" value="2024-01-16"/>
    <property name="java.home" value="/local/asdf-inst-inbox-runtime/installs/java/sapmachine-21.0.2"/>
    <property name="file.separator" value="/"/>
    <property name="basedir" value="/home/user/projects/incident-management/srv"/>
    <property name="java.vm.compressedOopsMode" value="Zero based"/>
    <property name="line.separator" value="&#10;"/>
    <property name="java.vm.specification.vendor" value="Oracle Corporation"/>
    <property name="java.specification.name" value="Java Platform API Specification"/>
    <property name="FILE_LOG_CHARSET" value="UTF-8"/>
    <property name="java.awt.headless" value="true"/>
    <property name="surefire.real.class.path" value="/home/user/projects/incident-management/srv/target/surefire/surefirebooter-20250124103153507_3.jar"/>
    <property name="sun.management.compiler" value="HotSpot 64-Bit Tiered Compilers"/>
    <property name="java.runtime.version" value="21.0.2+13-LTS"/>
    <property name="user.name" value="user"/>
    <property name="stdout.encoding" value="ANSI_X3.4-1968"/>
    <property name="path.separator" value=":"/>
    <property name="os.version" value="6.6.63-cloud-amd64"/>
    <property name="java.runtime.name" value="OpenJDK Runtime Environment"/>
    <property name="file.encoding" value="UTF-8"/>
    <property name="java.vm.name" value="OpenJDK 64-Bit Server VM"/>
    <property name="java.vendor.version" value="SapMachine"/>
    <property name="localRepository" value="/home/user/.m2/repository"/>
    <property name="java.vendor.url.bug" value="https://github.com/SAP/SapMachine/issues/new"/>
    <property name="java.io.tmpdir" value="/tmp"/>
    <property name="com.zaxxer.hikari.pool_number" value="1"/>
    <property name="java.version" value="21.0.2"/>
    <property name="user.dir" value="/home/user/projects/incident-management/srv"/>
    <property name="os.arch" value="amd64"/>
    <property name="java.vm.specification.name" value="Java Virtual Machine Specification"/>
    <property name="PID" value="49452"/>
    <property name="CONSOLE_LOG_CHARSET" value="UTF-8"/>
    <property name="native.encoding" value="ANSI_X3.4-1968"/>
    <property name="java.library.path" value="/usr/java/packages/lib:/usr/lib64:/lib64:/lib:/usr/lib"/>
    <property name="java.vm.info" value="mixed mode, sharing"/>
    <property name="stderr.encoding" value="ANSI_X3.4-1968"/>
    <property name="java.vendor" value="SAP SE"/>
    <property name="java.vm.version" value="21.0.2+13-LTS"/>
    <property name="sun.io.unicode.encoding" value="UnicodeLittle"/>
    <property name="java.class.version" value="65.0"/>
  </properties>
  <testcase name="draftIncident" classname="customer.incident_management.IncidentsODataTests" time="1.089">
    <system-out><![CDATA[10:31:54.281 [main] INFO org.springframework.test.context.support.AnnotationConfigContextLoaderUtils -- Could not detect default configuration classes for test class [customer.incident_management.IncidentsODataTests]: IncidentsODataTests does not declare any static, non-private, non-final, nested classes annotated with @Configuration.
10:31:54.374 [main] INFO org.springframework.boot.test.context.SpringBootTestContextBootstrapper -- Found @SpringBootConfiguration customer.incident_management.Application for test class customer.incident_management.IncidentsODataTests
10:31:54.487 [main] INFO org.springframework.boot.devtools.restart.RestartApplicationListener -- Restart disabled due to context in which it is running

  .   ____          _            __ _ _
 /\\ / ___'_ __ _ _(_)_ __  __ _ \ \ \ \
( ( )\___ | '_ | '_| | '_ \/ _` | \ \ \ \
 \\/  ___)| |_)| | | | | || (_| |  ) ) ) )
  '  |____| .__|_| |_|_| |_\__, | / / / /
 =========|_|==============|___/=/_/_/_/

 :: Spring Boot ::                (v3.4.0)

2025-01-24T10:31:55.012Z  WARN 49452 --- [           main] ory$DuplicateJsonObjectContextCustomizer : 

Found multiple occurrences of org.json.JSONObject on the class path:

	jar:file:/home/user/.m2/repository/org/json/json/20240303/json-20240303.jar!/org/json/JSONObject.class
	jar:file:/home/user/.m2/repository/com/vaadin/external/google/android-json/0.0.20131108.vaadin1/android-json-0.0.20131108.vaadin1.jar!/org/json/JSONObject.class

You may wish to exclude one of them to ensure predictable runtime behavior

2025-01-24T10:31:55.054Z  INFO 49452 --- [           main] c.i.IncidentsODataTests                  : Starting IncidentsODataTests using Java 21.0.2 with PID 49452 (started by user in /home/user/projects/incident-management/srv)
2025-01-24T10:31:55.058Z  INFO 49452 --- [           main] c.i.IncidentsODataTests                  : No active profile set, falling back to 1 default profile: "default"
2025-01-24T10:31:55.764Z  INFO 49452 --- [           main] c.s.c.services.impl.utils.CdsModelUtils  : Loaded CDS model from CSN resource path 'edmx/csn.json'
2025-01-24T10:31:55.785Z  INFO 49452 --- [           main] c.s.c.services.impl.ServiceCatalogImpl   : Registered service OutboxService$InMemory
2025-01-24T10:31:55.787Z  INFO 49452 --- [           main] c.s.c.services.impl.ServiceCatalogImpl   : Registered service ApplicationLifecycleService$Default
2025-01-24T10:31:55.787Z  INFO 49452 --- [           main] c.s.c.services.impl.ServiceCatalogImpl   : Registered service AuthorizationService$Default
2025-01-24T10:31:55.789Z  INFO 49452 --- [           main] c.s.c.services.impl.ServiceCatalogImpl   : Registered service TenantProviderService$Default
2025-01-24T10:31:55.790Z  INFO 49452 --- [           main] c.s.c.services.impl.ServiceCatalogImpl   : Registered service DeploymentService$Default
2025-01-24T10:31:55.794Z  INFO 49452 --- [           main] c.s.c.services.impl.ServiceCatalogImpl   : Registered service AuditLogService$Default
2025-01-24T10:31:55.806Z  INFO 49452 --- [           main] c.s.c.services.impl.ServiceCatalogImpl   : Registered service ProcessorService
2025-01-24T10:31:55.808Z  INFO 49452 --- [           main] c.s.c.services.impl.ServiceCatalogImpl   : Registered service AdminService
2025-01-24T10:31:55.809Z  INFO 49452 --- [           main] .s.c.r.CdsRuntimeBeanDefinitionRegistrar : Auto-configuration of DataSource beans is explicitly disabled.
2025-01-24T10:31:56.508Z  INFO 49452 --- [           main] com.zaxxer.hikari.HikariDataSource       : HikariPool-1 - Starting...
2025-01-24T10:31:56.811Z  INFO 49452 --- [           main] com.zaxxer.hikari.pool.HikariPool        : HikariPool-1 - Added connection conn0: url=jdbc:h2:mem:8fffd59c-8555-42c6-aa95-77f05569b1b2 user=SA
2025-01-24T10:31:56.812Z  INFO 49452 --- [           main] com.zaxxer.hikari.HikariDataSource       : HikariPool-1 - Start completed.
2025-01-24T10:31:56.900Z  INFO 49452 --- [           main] c.s.c.services.impl.ServiceCatalogImpl   : Registered service PersistenceService$Default
2025-01-24T10:31:56.926Z  INFO 49452 --- [           main] c.s.c.f.s.c.adapter.AdapterBeanFactory   : Servlet CdsODataV4Servlet mapped to /odata/v4
2025-01-24T10:31:56.935Z  INFO 49452 --- [           main] c.s.c.f.s.c.adapter.AdapterBeanFactory   : Servlet IndexPageServlet mapped to /
2025-01-24T10:31:56.940Z  INFO 49452 --- [           main] c.s.c.f.s.c.adapter.AdapterBeanFactory   : Servlet CdsFioriPreviewServlet mapped to /$fiori-preview
2025-01-24T10:31:56.944Z  INFO 49452 --- [           main] c.s.c.f.s.c.adapter.AdapterBeanFactory   : Servlet SaasProvisioningServlet mapped to /mt/v1.0/subscriptions
2025-01-24T10:31:57.685Z  INFO 49452 --- [           main] o.s.b.a.e.web.EndpointLinksResolver      : Exposing 1 endpoint beneath base path '/actuator'
2025-01-24T10:31:57.777Z  INFO 49452 --- [           main] c.s.c.f.s.c.a.m.MockUsersSecurityConfig  : Added mock user {"name":"privileged","password":"","systemUser":false,"privileged":true,"internalUser":false,"roles":[],"attributes":{},"additional":{},"valid":true}
2025-01-24T10:31:57.778Z  INFO 49452 --- [           main] c.s.c.f.s.c.a.m.MockUsersSecurityConfig  : Added mock user {"name":"authenticated","password":"","systemUser":false,"privileged":false,"internalUser":false,"roles":[],"attributes":{},"additional":{},"valid":true}
2025-01-24T10:31:57.778Z  INFO 49452 --- [           main] c.s.c.f.s.c.a.m.MockUsersSecurityConfig  : Added mock user {"name":"alice","password":"","systemUser":false,"privileged":false,"internalUser":false,"roles":["admin","support"],"attributes":{},"additional":{},"valid":true}
2025-01-24T10:31:57.778Z  INFO 49452 --- [           main] c.s.c.f.s.c.a.m.MockUsersSecurityConfig  : Added mock user {"name":"internal","password":"","systemUser":false,"privileged":false,"internalUser":true,"roles":[],"attributes":{},"additional":{},"valid":true}
2025-01-24T10:31:57.778Z  INFO 49452 --- [           main] c.s.c.f.s.c.a.m.MockUsersSecurityConfig  : Added mock user {"name":"system","password":"","systemUser":true,"privileged":false,"internalUser":false,"roles":[],"attributes":{},"additional":{},"valid":true}
2025-01-24T10:31:57.778Z  INFO 49452 --- [           main] c.s.c.f.s.c.a.m.MockUsersSecurityConfig  : Added mock user {"name":"bob","password":"","systemUser":false,"privileged":false,"internalUser":false,"roles":["support"],"attributes":{},"additional":{},"valid":true}
2025-01-24T10:31:57.804Z  INFO 49452 --- [           main] c.s.c.f.s.c.a.m.MockUsersSecurityConfig  : *************************************************************************
2025-01-24T10:31:57.805Z  INFO 49452 --- [           main] c.s.c.f.s.c.a.m.MockUsersSecurityConfig  : *  Security configuration based on mock users found in active profile.  *
2025-01-24T10:31:57.805Z  INFO 49452 --- [           main] c.s.c.f.s.c.a.m.MockUsersSecurityConfig  : *                 !!! NEVER USE IN PRODUCTIVE MODE !!!                  *
2025-01-24T10:31:57.805Z  INFO 49452 --- [           main] c.s.c.f.s.c.a.m.MockUsersSecurityConfig  : *************************************************************************
2025-01-24T10:31:57.928Z  INFO 49452 --- [           main] c.s.c.s.impl.runtime.CdsRuntimeImpl      : Registered handler class customer.incident_management.handler.ProcessorServiceHandler
2025-01-24T10:31:57.955Z  INFO 49452 --- [           main] .s.c.a.o.v.m.p.EdmxProviderConfiguration : Initialized Default EDMX V4 Provider
2025-01-24T10:31:57.976Z  INFO 49452 --- [           main] .s.c.a.o.v.m.p.EdmxProviderConfiguration : Initialized Default EDMX I18n Provider
2025-01-24T10:31:58.042Z  INFO 49452 --- [           main] c.sap.cds.services.impl.utils.BuildInfo  : git.commit.id: 69c5fa6eb5f1690468118bb77e8644821115a42e
2025-01-24T10:31:58.042Z  INFO 49452 --- [           main] c.sap.cds.services.impl.utils.BuildInfo  : maven.version: 3.6.0
2025-01-24T10:31:58.169Z  INFO 49452 --- [           main] c.s.c.s.impl.persistence.CsvDataLoader   : Filling sap.capire.incidents.Customers from ../db/data/sap.capire.incidents-Customers.csv
2025-01-24T10:31:58.183Z  INFO 49452 --- [           main] c.s.c.s.impl.persistence.CsvDataLoader   : Filling sap.capire.incidents.Incidents from ../db/data/sap.capire.incidents-Incidents.csv
2025-01-24T10:31:58.186Z  INFO 49452 --- [           main] c.s.c.s.impl.persistence.CsvDataLoader   : Filling sap.capire.incidents.Status from ../db/data/sap.capire.incidents-Status.csv
2025-01-24T10:31:58.204Z  INFO 49452 --- [           main] c.s.c.s.impl.persistence.CsvDataLoader   : Filling sap.capire.incidents.Incidents.conversation from ../db/data/sap.capire.incidents-Incidents.conversation.csv
2025-01-24T10:31:58.208Z  INFO 49452 --- [           main] c.s.c.s.impl.persistence.CsvDataLoader   : Filling sap.capire.incidents.Addresses from ../db/data/sap.capire.incidents-Addresses.csv
2025-01-24T10:31:58.210Z  INFO 49452 --- [           main] c.s.c.s.impl.persistence.CsvDataLoader   : Filling sap.capire.incidents.Urgency from ../db/data/sap.capire.incidents-Urgency.csv
2025-01-24T10:31:58.452Z  INFO 49452 --- [           main] o.s.b.t.m.w.SpringBootMockServletContext : Initializing Spring TestDispatcherServlet ''
2025-01-24T10:31:58.452Z  INFO 49452 --- [           main] o.s.t.web.servlet.TestDispatcherServlet  : Initializing Servlet ''
2025-01-24T10:31:58.454Z  INFO 49452 --- [           main] o.s.t.web.servlet.TestDispatcherServlet  : Completed initialization in 2 ms
2025-01-24T10:31:58.529Z  INFO 49452 --- [           main] c.i.IncidentsODataTests                  : Started IncidentsODataTests in 4.048 seconds (process running for 4.949)
2025-01-24T10:31:59.317Z  INFO 49452 --- [           main] c.s.c.a.odata.v4.metadata.MetadataInfo   : Loading OData V4 metadata for service 'ProcessorService'
Incident ID : 2622e8f5-84ca-4312-972c-6aeb463706c1
2025-01-24T10:31:59.714Z  INFO 49452 --- [           main] c.i.handler.ProcessorServiceHandler      : Adjusted Urgency for incident 'Urgent attention required!' to 'HIGH'.
]]></system-out>
    <system-err><![CDATA[Mockito is currently self-attaching to enable the inline-mock-maker. This will no longer work in future releases of the JDK. Please add Mockito as an agent to your build what is described in Mockito's documentation: https://javadoc.io/doc/org.mockito/mockito-core/latest/org/mockito/Mockito.html#0.3
WARNING: A Java agent has been loaded dynamically (/home/user/.m2/repository/net/bytebuddy/byte-buddy-agent/1.15.10/byte-buddy-agent-1.15.10.jar)
WARNING: If a serviceability tool is in use, please run with -XX:+EnableDynamicAgentLoading to hide this warning
WARNING: If a serviceability tool is not in use, please run with -Djdk.instrument.traceUsage for more information
WARNING: Dynamic loading of agents will be disallowed by default in a future release
]]></system-err>
  </testcase>
  <testcase name="incidentReturned(MockMvc)" classname="customer.incident_management.IncidentsODataTests" time="0.049"/>
  <testcase name="updateIncident" classname="customer.incident_management.IncidentsODataTests" time="0.07">
    <system-out><![CDATA[2025-01-24T10:31:59.846Z  INFO 49452 --- [           main] c.i.handler.ProcessorServiceHandler      : Adjusted Urgency for incident 'Urgent attention required!' to 'HIGH'.
Incident ID : 0e97d6ac-37db-4ca9-8075-1f43e59d7afe
status code : C
2025-01-24T10:31:59.892Z  INFO 49452 --- [           main] c.s.c.a.o.v4.processors.CdsProcessor     : Exception marked the ChangeSet 16 as cancelled: Can't modify a closed incident (service 'ProcessorService', event 'UPDATE', entity 'ProcessorService.Incidents')
]]></system-out>
  </testcase>
  <testcase name="customertReturned" classname="customer.incident_management.IncidentsODataTests" time="0.021"/>
  <testcase name="expandEntityEndpoint" classname="customer.incident_management.IncidentsODataTests" time="0.043"/>
</testsuite>